2017-09-21T17:51:54,648 ERROR [Sample][main|LogApp] 19 main Error : number is 4
2017-09-21T17:51:54,649 FATAL [Sample][main|LogApp] 20 main Fatal : number is 4
2017-09-21T17:51:54,650 ERROR [Sample][main|LogApp] 32 main Error : You chose a number < 100 
2017-09-21T17:51:54,650 FATAL [Sample][main|LogApp] 33 main Fatal : You chose a number < 100 
2017-09-21T17:51:54,650 ERROR [Sample][main|LogApp] 41 main Error : Your number has the digit 4
2017-09-21T17:51:54,651 FATAL [Sample][main|LogApp] 42 main Fatal : Your number has the digit 4
2017-09-21T17:53:50,291 ERROR [Sample][main|LogApp] 18 main Error : number is 5
2017-09-21T17:53:50,291 FATAL [Sample][main|LogApp] 19 main Fatal : number is 5
2017-09-21T17:53:50,294 ERROR [Sample][main|LogApp] 31 main Error : You chose a number < 100 
2017-09-21T17:53:50,295 FATAL [Sample][main|LogApp] 32 main Fatal : You chose a number < 100 
2017-09-21T17:53:50,296 ERROR [Sample][main|LogApp] 40 main Error : Your number has the digit 5
2017-09-21T17:53:50,297 FATAL [Sample][main|LogApp] 41 main Fatal : Your number has the digit 5
2017-09-21T18:01:41,116 ERROR [Sample][main|LogApp] 18 main Error : number is 5 
2017-09-21T18:01:41,116 FATAL [Sample][main|LogApp] 19 main Fatal : number is 5 
2017-09-21T18:01:41,117 ERROR [Sample][main|LogApp] 31 main Error : You chose a number < 100  
2017-09-21T18:01:41,118 FATAL [Sample][main|LogApp] 32 main Fatal : You chose a number < 100  
2017-09-21T18:01:41,119 ERROR [Sample][main|LogApp] 40 main Error : Your number has the digit 5 
2017-09-21T18:01:41,120 FATAL [Sample][main|LogApp] 41 main Fatal : Your number has the digit 5 
2017-09-21T18:02:27,330 ERROR [Sample][main|LogApp] 18 main Error : number is 5hahah 
2017-09-21T18:02:27,331 FATAL [Sample][main|LogApp] 19 main Fatal : number is 5hahah 
2017-09-21T18:02:27,332 ERROR [Sample][main|LogApp] 31 main Error : You chose a number < 100 hahah 
2017-09-21T18:02:27,333 FATAL [Sample][main|LogApp] 32 main Fatal : You chose a number < 100 hahah 
2017-09-21T18:02:27,335 ERROR [Sample][main|LogApp] 40 main Error : Your number has the digit 5hahah 
2017-09-21T18:02:27,336 FATAL [Sample][main|LogApp] 41 main Fatal : Your number has the digit 5hahah 
2017-09-21T18:02:57,799 ERROR [Sample][main|LogApp] 18 main Error : number is 5hahah 
2017-09-21T18:02:57,799 FATAL [Sample][main|LogApp] 19 main Fatal : number is 5hahah 
2017-09-21T18:02:57,800 ERROR [Sample][main|LogApp] 31 main Error : You chose a number < 100 hahah 
2017-09-21T18:02:57,800 FATAL [Sample][main|LogApp] 32 main Fatal : You chose a number < 100 hahah 
2017-09-21T18:02:57,802 ERROR [Sample][main|LogApp] 40 main Error : Your number has the digit 5hahah 
2017-09-21T18:02:57,802 FATAL [Sample][main|LogApp] 41 main Fatal : Your number has the digit 5hahah 
2017-09-21T18:03:08,473 ERROR [Sample][main|LogApp] 18 main Error : number is 5hahah 
2017-09-21T18:03:08,474 FATAL [Sample][main|LogApp] 19 main Fatal : number is 5hahah 
2017-09-21T18:03:08,476 ERROR [Sample][main|LogApp] 31 main Error : You chose a number < 100 hahah 
2017-09-21T18:03:08,476 FATAL [Sample][main|LogApp] 32 main Fatal : You chose a number < 100 hahah 
2017-09-21T18:03:08,477 ERROR [Sample][main|LogApp] 40 main Error : Your number has the digit 5hahah 
2017-09-21T18:03:08,478 FATAL [Sample][main|LogApp] 41 main Fatal : Your number has the digit 5hahah 
2017-09-21T18:03:23,824 ERROR [Sample][main|LogApp] 18 main Error : number is 5hahah 
2017-09-21T18:03:23,824 FATAL [Sample][main|LogApp] 19 main Fatal : number is 5hahah 
2017-09-21T18:03:23,826 ERROR [Sample][main|LogApp] 31 main Error : You chose a number < 100 hahah 
2017-09-21T18:03:23,826 FATAL [Sample][main|LogApp] 32 main Fatal : You chose a number < 100 hahah 
2017-09-21T18:03:23,837 ERROR [Sample][main|LogApp] 40 main Error : Your number has the digit 5hahah 
2017-09-21T18:03:23,838 FATAL [Sample][main|LogApp] 41 main Fatal : Your number has the digit 5hahah 
2017-09-21T18:03:37,561 ERROR [Sample][main|LogApp] 18 main Error : number is 5hahah 
2017-09-21T18:03:37,561 FATAL [Sample][main|LogApp] 19 main Fatal : number is 5hahah 
2017-09-21T18:03:37,564 ERROR [Sample][main|LogApp] 31 main Error : You chose a number < 100 hahah 
2017-09-21T18:03:37,565 FATAL [Sample][main|LogApp] 32 main Fatal : You chose a number < 100 hahah 
2017-09-21T18:03:37,567 ERROR [Sample][main|LogApp] 40 main Error : Your number has the digit 5hahah 
2017-09-21T18:03:37,568 FATAL [Sample][main|LogApp] 41 main Fatal : Your number has the digit 5hahah 
2017-09-21T18:03:54,790 ERROR [Sample][main|LogApp] 18 main Error : number is 5hahah 
2017-09-21T18:03:54,791 FATAL [Sample][main|LogApp] 19 main Fatal : number is 5hahah 
2017-09-21T18:03:54,792 ERROR [Sample][main|LogApp] 31 main Error : You chose a number < 100 hahah 
2017-09-21T18:03:54,793 FATAL [Sample][main|LogApp] 32 main Fatal : You chose a number < 100 hahah 
2017-09-21T18:03:54,794 ERROR [Sample][main|LogApp] 40 main Error : Your number has the digit 5hahah 
2017-09-21T18:03:54,795 FATAL [Sample][main|LogApp] 41 main Fatal : Your number has the digit 5hahah 
2017-09-21T18:06:47,240 ERROR [Sample][main|LogApp] 18 main Error : number is 5hahah 
2017-09-21T18:06:47,241 FATAL [Sample][main|LogApp] 19 main Fatal : number is 5hahah 
2017-09-21T18:06:47,243 ERROR [Sample][main|LogApp] 31 main Error : You chose a number < 100 hahah 
2017-09-21T18:06:47,243 FATAL [Sample][main|LogApp] 32 main Fatal : You chose a number < 100 hahah 
2017-09-21T18:06:47,247 ERROR [Sample][main|LogApp] 40 main Error : Your number has the digit 5hahah 
2017-09-21T18:06:47,247 FATAL [Sample][main|LogApp] 41 main Fatal : Your number has the digit 5hahah 
2017-09-21T18:07:04,285 ERROR [Sample][main|LogApp] 18 main Error : number is 5hahaha 
2017-09-21T18:07:04,286 FATAL [Sample][main|LogApp] 19 main Fatal : number is 5hahaha 
2017-09-21T18:07:04,288 ERROR [Sample][main|LogApp] 31 main Error : You chose a number < 100 hahaha 
2017-09-21T18:07:04,288 FATAL [Sample][main|LogApp] 32 main Fatal : You chose a number < 100 hahaha 
2017-09-21T18:07:04,290 ERROR [Sample][main|LogApp] 40 main Error : Your number has the digit 5hahaha 
2017-09-21T18:07:04,290 FATAL [Sample][main|LogApp] 41 main Fatal : Your number has the digit 5hahaha 
