2017-09-22T13:31:20,410 INFO  [Sample][main|LogApp] 38 main Info : number is http://*** 
2017-09-22T13:31:20,417 WARN  [Sample][main|LogApp] 39 main Warning : number is {SimpleAndComplexParameter{name='preSharedKey', definition=Optional.empty}, names='null, params=null, value=Optional[ParameterValue{value=***}]}, {SimpleAndComplexParameter{name='refNum', definition=Optional.empty}, names='null, params=null, value=Optional[ParameterValue{value=***}]} 
2017-09-22T13:31:20,419 DEBUG [Sample][main|LogApp] 40 main Debug : number is <raml xmlns="raml21.xsd">
    <cmData type="actual">
        <header>
            <log dateTime="2017-05-10T13:51:18+08:00" action=""/>
        </header>
        <managedObject class="CMP" operation="update" distName="/BTSMED-1/CERTH-1/CMP-1">
            <p name="caSubjectName">***</p>
            <p name="cmpId">1</p>
            <p name="eeSubjectName">CN = L9153200322, O=Nokia Networks</p>
            <p name="preSharedKey">***</p>
            <p name="refNum">***</p>
            <p name="password">***</p>            <p name="serverHost">***</p>
            <p name="serverPort">8081</p>
        </managedObject>
    </cmData>
</raml> 
2017-09-22T13:31:20,421 ERROR [Sample][main|LogApp] 41 main Error : number is http://*** 
2017-09-22T13:31:20,429 FATAL [Sample][main|LogApp] 42 main Fatal : number is http://*** 
2017-09-22T13:35:52,466 INFO  [Sample][main|LogApp] 38 main Info : number is http://*** 
2017-09-22T13:35:52,473 WARN  [Sample][main|LogApp] 39 main Warning : number is {SimpleAndComplexParameter{name='preSharedKey', definition=Optional.empty}, names='null, params=null, value=Optional[ParameterValue{value=***}]}, {SimpleAndComplexParameter{name='refNum', definition=Optional.empty}, names='null, params=null, value=Optional[ParameterValue{value=***}]} 
2017-09-22T13:35:52,475 DEBUG [Sample][main|LogApp] 40 main Debug : number is <raml xmlns="raml21.xsd">
    <cmData type="actual">
        <header>
            <log dateTime="2017-05-10T13:51:18+08:00" action=""/>
        </header>
        <managedObject class="CMP" operation="update" distName="/BTSMED-1/CERTH-1/CMP-1">
            <p name="caSubjectName">***</p>
            <p name="cmpId">1</p>
            <p name="eeSubjectName">CN = L9153200322, O=Nokia Networks</p>
            <p name="preSharedKey">***</p>
            <p name="refNum">***</p>
            <p name="password">***</p>            <p name="serverHost">***</p>
            <p name="serverPort">8081</p>
        </managedObject>
    </cmData>
</raml> 
2017-09-22T13:35:52,478 ERROR [Sample][main|LogApp] 41 main Error : number is http://*** 
2017-09-22T13:35:52,479 FATAL [Sample][main|LogApp] 42 main Fatal : number is http://*** 
2017-09-22T13:36:44,736 INFO  [Sample][main|LogApp] 38 main Info : number is http://*** 
2017-09-22T13:36:44,742 WARN  [Sample][main|LogApp] 39 main Warning : number is {SimpleAndComplexParameter{name='preSharedKey', definition=Optional.empty}, names='null, params=null, value=Optional[ParameterValue{value=***}]}, {SimpleAndComplexParameter{name='refNum', definition=Optional.empty}, names='null, params=null, value=Optional[ParameterValue{value=***}]} 
2017-09-22T13:36:44,744 DEBUG [Sample][main|LogApp] 40 main Debug : number is <raml xmlns="raml21.xsd">
    <cmData type="actual">
        <header>
            <log dateTime="2017-05-10T13:51:18+08:00" action=""/>
        </header>
        <managedObject class="CMP" operation="update" distName="/BTSMED-1/CERTH-1/CMP-1">
            <p name="caSubjectName">***</p>
            <p name="cmpId">1</p>
            <p name="eeSubjectName">CN = L9153200322, O=Nokia Networks</p>
            <p name="preSharedKey">***</p>
            <p name="refNum">***</p>
            <p name="password">***</p>            <p name="serverHost">***</p>
            <p name="serverPort">8081</p>
        </managedObject>
    </cmData>
</raml> 
2017-09-22T13:36:44,747 ERROR [Sample][main|LogApp] 41 main Error : number is http://*** 
2017-09-22T13:36:44,748 FATAL [Sample][main|LogApp] 42 main Fatal : number is http://*** 
2017-09-22T13:37:53,718 INFO  [Sample][main|LogApp] 38 main Info : number is http://*** 
2017-09-22T13:37:53,725 WARN  [Sample][main|LogApp] 39 main Warning : number is {SimpleAndComplexParameter{name='preSharedKey', definition=Optional.empty}, names='null, params=null, value=Optional[ParameterValue{value=***}]}, {SimpleAndComplexParameter{name='refNum', definition=Optional.empty}, names='null, params=null, value=Optional[ParameterValue{value=***}]} 
2017-09-22T13:37:53,727 DEBUG [Sample][main|LogApp] 40 main Debug : number is <raml xmlns="raml21.xsd">
    <cmData type="actual">
        <header>
            <log dateTime="2017-05-10T13:51:18+08:00" action=""/>
        </header>
        <managedObject class="CMP" operation="update" distName="/BTSMED-1/CERTH-1/CMP-1">
            <p name="caSubjectName">***</p>
            <p name="cmpId">1</p>
            <p name="eeSubjectName">CN = L9153200322, O=Nokia Networks</p>
            <p name="preSharedKey">***</p>
            <p name="refNum">***</p>
            <p name="password">***</p>            <p name="serverHost">***</p>
            <p name="serverPort">8081</p>
        </managedObject>
    </cmData>
</raml> 
2017-09-22T13:37:53,729 ERROR [Sample][main|LogApp] 41 main Error : number is http://*** 
2017-09-22T13:37:53,730 FATAL [Sample][main|LogApp] 42 main Fatal : number is http://*** 
