2017-09-21T17:51:54,646 INFO  [Sample][main|LogApp] 16 main Info : number is 4
2017-09-21T17:51:54,649 INFO  [Sample][main|LogApp] 29 main Info : You chose a number < 100 
2017-09-21T17:51:54,650 INFO  [Sample][main|LogApp] 38 main Info : Your number has the digit 4
2017-09-21T17:53:50,287 INFO  [Sample][main|LogApp] 15 main Info : number is 5
2017-09-21T17:53:50,292 INFO  [Sample][main|LogApp] 28 main Info : You chose a number < 100 
2017-09-21T17:53:50,295 INFO  [Sample][main|LogApp] 37 main Info : Your number has the digit 5
2017-09-21T18:01:41,114 INFO  [Sample][main|LogApp] 15 main Info : number is 5 
2017-09-21T18:01:41,116 INFO  [Sample][main|LogApp] 28 main Info : You chose a number < 100  
2017-09-21T18:01:41,118 INFO  [Sample][main|LogApp] 37 main Info : Your number has the digit 5 
2017-09-21T18:02:27,327 INFO  [Sample][main|LogApp] 15 main Info : number is 5hahah 
2017-09-21T18:02:27,331 INFO  [Sample][main|LogApp] 28 main Info : You chose a number < 100 hahah 
2017-09-21T18:02:27,333 INFO  [Sample][main|LogApp] 37 main Info : Your number has the digit 5hahah 
2017-09-21T18:02:57,796 INFO  [Sample][main|LogApp] 15 main Info : number is 5hahah 
2017-09-21T18:02:57,799 INFO  [Sample][main|LogApp] 28 main Info : You chose a number < 100 hahah 
2017-09-21T18:02:57,801 INFO  [Sample][main|LogApp] 37 main Info : Your number has the digit 5hahah 
2017-09-21T18:03:08,470 INFO  [Sample][main|LogApp] 15 main Info : number is 5hahah 
2017-09-21T18:03:08,474 INFO  [Sample][main|LogApp] 28 main Info : You chose a number < 100 hahah 
2017-09-21T18:03:08,476 INFO  [Sample][main|LogApp] 37 main Info : Your number has the digit 5hahah 
2017-09-21T18:03:23,821 INFO  [Sample][main|LogApp] 15 main Info : number is 5hahah 
2017-09-21T18:03:23,824 INFO  [Sample][main|LogApp] 28 main Info : You chose a number < 100 hahah 
2017-09-21T18:03:23,826 INFO  [Sample][main|LogApp] 37 main Info : Your number has the digit 5hahah 
2017-09-21T18:03:37,556 INFO  [Sample][main|LogApp] 15 main Info : number is 5hahah 
2017-09-21T18:03:37,562 INFO  [Sample][main|LogApp] 28 main Info : You chose a number < 100 hahah 
2017-09-21T18:03:37,566 INFO  [Sample][main|LogApp] 37 main Info : Your number has the digit 5hahah 
2017-09-21T18:03:54,785 INFO  [Sample][main|LogApp] 15 main Info : number is 5hahah 
2017-09-21T18:03:54,791 INFO  [Sample][main|LogApp] 28 main Info : You chose a number < 100 hahah 
2017-09-21T18:03:54,793 INFO  [Sample][main|LogApp] 37 main Info : Your number has the digit 5hahah 
2017-09-21T18:06:47,234 INFO  [Sample][main|LogApp] 15 main Info : number is 5hahah 
2017-09-21T18:06:47,241 INFO  [Sample][main|LogApp] 28 main Info : You chose a number < 100 hahah 
2017-09-21T18:06:47,244 INFO  [Sample][main|LogApp] 37 main Info : Your number has the digit 5hahah 
2017-09-21T18:07:04,281 INFO  [Sample][main|LogApp] 15 main Info : number is 5hahaha 
2017-09-21T18:07:04,287 INFO  [Sample][main|LogApp] 28 main Info : You chose a number < 100 hahaha 
2017-09-21T18:07:04,289 INFO  [Sample][main|LogApp] 37 main Info : Your number has the digit 5hahaha 
2017-09-22T10:39:09,901 INFO  [Sample][main|LogApp] 15 main Info : number is 115 
2017-09-22T10:39:09,908 INFO  [Sample][main|LogApp] 22 main Info : You chose a number > 100  
2017-09-22T10:39:09,913 INFO  [Sample][main|LogApp] 37 main Info : Your number has the digit 1 
2017-09-22T10:39:09,917 INFO  [Sample][main|LogApp] 37 main Info : Your number has the digit 5 
2017-09-22T10:51:17,040 INFO  [Sample][main|LogApp] 15 main Info : number is 115 
2017-09-22T10:51:17,051 INFO  [Sample][main|LogApp] 22 main Info : You chose a number > 100  
2017-09-22T10:51:17,058 INFO  [Sample][main|LogApp] 37 main Info : Your number has the digit 1 
2017-09-22T10:51:17,062 INFO  [Sample][main|LogApp] 37 main Info : Your number has the digit 5 
2017-09-22T10:53:37,166 INFO  [Sample][main|LogApp] 15 main Info : number is 115 
2017-09-22T10:53:37,176 INFO  [Sample][main|LogApp] 22 main Info : You chose a number > 100  
2017-09-22T10:53:37,183 INFO  [Sample][main|LogApp] 37 main Info : Your number has the digit 1 
2017-09-22T10:53:37,186 INFO  [Sample][main|LogApp] 37 main Info : Your number has the digit 5 
